<?xml version="1.0" encoding="UTF-8"?>
<testng-results ignored="0" total="1" passed="1" failed="0" skipped="0">
  <reporter-output>
  </reporter-output>
  <suite started-at="2025-02-05T14:25:27 IST" name="Default suite" finished-at="2025-02-05T14:25:49 IST" duration-ms="22572">
    <groups>
      <group name="regression">
        <method signature="flipkartTest.testSearchProductInMobileCategory()[pri:2, instance:tests.flipkartTest@5f058f00]" name="testSearchProductInMobileCategory" class="tests.flipkartTest"/>
      </group> <!-- regression -->
    </groups>
    <test started-at="2025-02-05T14:25:27 IST" name="Default test" finished-at="2025-02-05T14:25:49 IST" duration-ms="22572">
      <class name="tests.flipkartTest">
        <test-method is-config="true" signature="setup()[pri:0, instance:tests.flipkartTest@5f058f00]" started-at="2025-02-05T14:25:27 IST" name="setup" finished-at="2025-02-05T14:25:30 IST" duration-ms="3675" status="PASS">
          <reporter-output>
          </reporter-output>
        </test-method> <!-- setup -->
        <test-method signature="testSearchProductInMobileCategory()[pri:2, instance:tests.flipkartTest@5f058f00]" started-at="2025-02-05T14:25:30 IST" name="testSearchProductInMobileCategory" description="Verify the functionality of search product in mobile category" finished-at="2025-02-05T14:25:49 IST" duration-ms="18817" status="PASS">
          <reporter-output>
          </reporter-output>
        </test-method> <!-- testSearchProductInMobileCategory -->
      </class> <!-- tests.flipkartTest -->
    </test> <!-- Default test -->
  </suite> <!-- Default suite -->
</testng-results>
